14:13:36 **** Incremental Build of configuration Debug for project littlfs_test ****
make -j8 all 
arm-none-eabi-gcc -o "littlfs_test.elf" @"objects.list"   -mcpu=cortex-m3 -T"C:\Users\ASUS\STM32CubeIDE\workspace_1.7.0\littlfs_test\STM32F103C8TX_FLASH.ld" --specs=nosys.specs -Wl,-Map="littlfs_test.map" -Wl,--gc-sections -static --specs=nano.specs -mfloat-abi=soft -mthumb -Wl,--start-group -lc -lm -Wl,--end-group
c:\st\stm32cubeide_1.7.0\stm32cubeide\plugins\com.st.stm32cube.ide.mcu.externaltools.gnu-tools-for-stm32.9-2020-q2-update.win32_2.0.0.202105311346\tools\arm-none-eabi\bin\ld.exe: ./Core/Src/lfs.o: in function `lfs_alloc':
C:/Users/ASUS/STM32CubeIDE/workspace_1.7.0/littlfs_test/Debug/../Core/Src/lfs.c:672: undefined reference to `myprintf'
c:\st\stm32cubeide_1.7.0\stm32cubeide\plugins\com.st.stm32cube.ide.mcu.externaltools.gnu-tools-for-stm32.9-2020-q2-update.win32_2.0.0.202105311346\tools\arm-none-eabi\bin\ld.exe: ./Core/Src/lfs.o: in function `lfs_dir_fetchmatch':
C:/Users/ASUS/STM32CubeIDE/workspace_1.7.0/littlfs_test/Debug/../Core/Src/lfs.c:1346: undefined reference to `myprintf'
c:\st\stm32cubeide_1.7.0\stm32cubeide\plugins\com.st.stm32cube.ide.mcu.externaltools.gnu-tools-for-stm32.9-2020-q2-update.win32_2.0.0.202105311346\tools\arm-none-eabi\bin\ld.exe: ./Core/Src/lfs.o: in function `lfs_dir_compact':
C:/Users/ASUS/STM32CubeIDE/workspace_1.7.0/littlfs_test/Debug/../Core/Src/lfs.c:2049: undefined reference to `myprintf'
c:\st\stm32cubeide_1.7.0\stm32cubeide\plugins\com.st.stm32cube.ide.mcu.externaltools.gnu-tools-for-stm32.9-2020-q2-update.win32_2.0.0.202105311346\tools\arm-none-eabi\bin\ld.exe: C:/Users/ASUS/STM32CubeIDE/workspace_1.7.0/littlfs_test/Debug/../Core/Src/lfs.c:2054: undefined reference to `myprintf'
c:\st\stm32cubeide_1.7.0\stm32cubeide\plugins\com.st.stm32cube.ide.mcu.externaltools.gnu-tools-for-stm32.9-2020-q2-update.win32_2.0.0.202105311346\tools\arm-none-eabi\bin\ld.exe: ./Core/Src/lfs.o: in function `lfs_dir_splittingcompact':
C:/Users/ASUS/STM32CubeIDE/workspace_1.7.0/littlfs_test/Debug/../Core/Src/lfs.c:2137: undefined reference to `myprintf'
c:\st\stm32cubeide_1.7.0\stm32cubeide\plugins\com.st.stm32cube.ide.mcu.externaltools.gnu-tools-for-stm32.9-2020-q2-update.win32_2.0.0.202105311346\tools\arm-none-eabi\bin\ld.exe: ./Core/Src/lfs.o:C:/Users/ASUS/STM32CubeIDE/workspace_1.7.0/littlfs_test/Debug/../Core/Src/lfs.c:2157: more undefined references to `myprintf' follow
c:\st\stm32cubeide_1.7.0\stm32cubeide\plugins\com.st.stm32cube.ide.mcu.externaltools.gnu-tools-for-stm32.9-2020-q2-update.win32_2.0.0.202105311346\tools\arm-none-eabi\bin\ld.exe: ./Core/Src/stm32f1xx_it.o: in function `USART2_IRQHandler':
C:/Users/ASUS/STM32CubeIDE/workspace_1.7.0/littlfs_test/Debug/../Core/Src/stm32f1xx_it.c:214: undefined reference to `huart2'
collect2.exe: error: ld returned 1 exit status
make: *** [makefile:65: littlfs_test.elf] Error 1
"make -j8 all" terminated with exit code 2. Build might be incomplete.

14:13:37 Build Failed. 13 errors, 0 warnings. (took 664ms)

